{"/var/www/testcases-project/src/App.vue": {"path":"/var/www/testcases-project/src/App.vue","statementMap":{"0":{"start":{"line":14,"column":0},"end":{"line":14,"column":null}},"1":{"start":{"line":15,"column":0},"end":{"line":15,"column":null}},"2":{"start":{"line":16,"column":0},"end":{"line":16,"column":null}},"3":{"start":{"line":17,"column":0},"end":{"line":17,"column":null}},"4":{"start":{"line":18,"column":0},"end":{"line":18,"column":null}},"5":{"start":{"line":19,"column":0},"end":{"line":19,"column":null}},"6":{"start":{"line":21,"column":15},"end":{"line":21,"column":null}},"7":{"start":{"line":32,"column":4},"end":{"line":32,"column":11}},"8":{"start":{"line":59,"column":4},"end":{"line":62,"column":null}},"9":{"start":{"line":60,"column":6},"end":{"line":60,"column":11}},"10":{"start":{"line":61,"column":6},"end":{"line":61,"column":11}},"11":{"start":{"line":67,"column":6},"end":{"line":67,"column":13}},"12":{"start":{"line":68,"column":6},"end":{"line":68,"column":12}},"13":{"start":{"line":73,"column":10},"end":{"line":73,"column":17}},"14":{"start":{"line":75,"column":10},"end":{"line":75,"column":15}},"15":{"start":{"line":76,"column":10},"end":{"line":76,"column":15}},"16":{"start":{"line":77,"column":10},"end":{"line":77,"column":15}},"17":{"start":{"line":78,"column":10},"end":{"line":78,"column":15}},"18":{"start":{"line":79,"column":10},"end":{"line":79,"column":15}},"19":{"start":{"line":80,"column":10},"end":{"line":80,"column":15}},"20":{"start":{"line":81,"column":10},"end":{"line":81,"column":15}},"21":{"start":{"line":85,"column":10},"end":{"line":85,"column":15}},"22":{"start":{"line":86,"column":10},"end":{"line":86,"column":15}},"23":{"start":{"line":87,"column":10},"end":{"line":87,"column":17}},"24":{"start":{"line":88,"column":10},"end":{"line":88,"column":15}},"25":{"start":{"line":92,"column":10},"end":{"line":92,"column":17}},"26":{"start":{"line":96,"column":6},"end":{"line":96,"column":11}},"27":{"start":{"line":104,"column":6},"end":{"line":104,"column":11}},"28":{"start":{"line":107,"column":6},"end":{"line":107,"column":11}},"29":{"start":{"line":108,"column":6},"end":{"line":108,"column":11}}},"fnMap":{"0":{"name":"(anonymous_0)","decl":{"start":{"line":31,"column":2},"end":{"line":31,"column":6}},"loc":{"start":{"line":31,"column":9},"end":{"line":56,"column":null}}},"1":{"name":"(anonymous_1)","decl":{"start":{"line":57,"column":2},"end":{"line":57,"column":9}},"loc":{"start":{"line":57,"column":12},"end":{"line":63,"column":null}}},"2":{"name":"(anonymous_2)","decl":{"start":{"line":65,"column":4},"end":{"line":65,"column":14}},"loc":{"start":{"line":65,"column":26},"end":{"line":94,"column":null}}},"3":{"name":"(anonymous_3)","decl":{"start":{"line":69,"column":15},"end":{"line":69,"column":28}},"loc":{"start":{"line":69,"column":28},"end":{"line":82,"column":null}}},"4":{"name":"(anonymous_4)","decl":{"start":{"line":83,"column":16},"end":{"line":83,"column":26}},"loc":{"start":{"line":83,"column":26},"end":{"line":89,"column":null}}},"5":{"name":"(anonymous_5)","decl":{"start":{"line":90,"column":17},"end":{"line":90,"column":23}},"loc":{"start":{"line":90,"column":23},"end":{"line":93,"column":null}}},"6":{"name":"(anonymous_6)","decl":{"start":{"line":95,"column":4},"end":{"line":95,"column":13}},"loc":{"start":{"line":95,"column":16},"end":{"line":105,"column":null}}},"7":{"name":"(anonymous_7)","decl":{"start":{"line":106,"column":4},"end":{"line":106,"column":16}},"loc":{"start":{"line":106,"column":19},"end":{"line":109,"column":null}}}},"branchMap":{"0":{"loc":{"start":{"line":59,"column":4},"end":{"line":62,"column":null}},"type":"if","locations":[{"start":{"line":59,"column":4},"end":{"line":62,"column":null}},{"start":{"line":59,"column":4},"end":{"line":62,"column":null}}]}},"s":{"0":1,"1":1,"2":1,"3":1,"4":1,"5":1,"6":1,"7":4,"8":4,"9":0,"10":0,"11":3,"12":3,"13":1,"14":1,"15":1,"16":1,"17":1,"18":1,"19":1,"20":1,"21":2,"22":2,"23":2,"24":2,"25":3,"26":2,"27":2,"28":1,"29":1},"f":{"0":4,"1":4,"2":3,"3":1,"4":2,"5":3,"6":2,"7":1},"b":{"0":[0,4]}}
,"/var/www/testcases-project/src/components/Banner.vue": {"path":"/var/www/testcases-project/src/components/Banner.vue","statementMap":{"0":{"start":{"line":9,"column":15},"end":{"line":9,"column":null}},"1":{"start":{"line":19,"column":12},"end":{"line":25,"column":null}},"2":{"start":{"line":20,"column":16},"end":{"line":20,"column":23}},"3":{"start":{"line":21,"column":19},"end":{"line":25,"column":null}},"4":{"start":{"line":22,"column":16},"end":{"line":22,"column":23}},"5":{"start":{"line":24,"column":16},"end":{"line":24,"column":23}},"6":{"start":{"line":30,"column":12},"end":{"line":30,"column":17}}},"fnMap":{"0":{"name":"(anonymous_0)","decl":{"start":{"line":18,"column":8},"end":{"line":18,"column":29}},"loc":{"start":{"line":18,"column":32},"end":{"line":26,"column":null}}},"1":{"name":"(anonymous_1)","decl":{"start":{"line":29,"column":8},"end":{"line":29,"column":26}},"loc":{"start":{"line":29,"column":29},"end":{"line":31,"column":null}}}},"branchMap":{"0":{"loc":{"start":{"line":19,"column":12},"end":{"line":25,"column":null}},"type":"if","locations":[{"start":{"line":19,"column":12},"end":{"line":25,"column":null}},{"start":{"line":19,"column":12},"end":{"line":25,"column":null}}]},"1":{"loc":{"start":{"line":21,"column":19},"end":{"line":25,"column":null}},"type":"if","locations":[{"start":{"line":21,"column":19},"end":{"line":25,"column":null}},{"start":{"line":21,"column":19},"end":{"line":25,"column":null}}]}},"s":{"0":2,"1":4,"2":2,"3":2,"4":1,"5":1,"6":0},"f":{"0":4,"1":0},"b":{"0":[2,2],"1":[1,1]}}
,"/var/www/testcases-project/src/components/Footer.vue": {"path":"/var/www/testcases-project/src/components/Footer.vue","statementMap":{"0":{"start":{"line":8,"column":15},"end":{"line":8,"column":null}}},"fnMap":{},"branchMap":{},"s":{"0":1},"f":{},"b":{}}
,"/var/www/testcases-project/src/components/Header.vue": {"path":"/var/www/testcases-project/src/components/Header.vue","statementMap":{"0":{"start":{"line":8,"column":15},"end":{"line":8,"column":null}}},"fnMap":{},"branchMap":{},"s":{"0":2},"f":{},"b":{}}
,"/var/www/testcases-project/src/components/Search.vue": {"path":"/var/www/testcases-project/src/components/Search.vue","statementMap":{"0":{"start":{"line":19,"column":15},"end":{"line":19,"column":null}},"1":{"start":{"line":22,"column":8},"end":{"line":22,"column":15}},"2":{"start":{"line":28,"column":12},"end":{"line":28,"column":17}},"3":{"start":{"line":32,"column":12},"end":{"line":32,"column":17}},"4":{"start":{"line":37,"column":12},"end":{"line":41,"column":null}},"5":{"start":{"line":38,"column":16},"end":{"line":38,"column":23}},"6":{"start":{"line":40,"column":16},"end":{"line":40,"column":23}},"7":{"start":{"line":44,"column":12},"end":{"line":48,"column":null}},"8":{"start":{"line":45,"column":16},"end":{"line":45,"column":23}},"9":{"start":{"line":47,"column":16},"end":{"line":47,"column":23}}},"fnMap":{"0":{"name":"(anonymous_0)","decl":{"start":{"line":21,"column":4},"end":{"line":21,"column":8}},"loc":{"start":{"line":21,"column":11},"end":{"line":25,"column":null}}},"1":{"name":"(anonymous_1)","decl":{"start":{"line":27,"column":8},"end":{"line":27,"column":18}},"loc":{"start":{"line":27,"column":21},"end":{"line":29,"column":null}}},"2":{"name":"(anonymous_2)","decl":{"start":{"line":30,"column":8},"end":{"line":30,"column":17}},"loc":{"start":{"line":30,"column":20},"end":{"line":33,"column":null}}},"3":{"name":"(anonymous_3)","decl":{"start":{"line":36,"column":8},"end":{"line":36,"column":22}},"loc":{"start":{"line":36,"column":25},"end":{"line":42,"column":null}}},"4":{"name":"(anonymous_4)","decl":{"start":{"line":43,"column":8},"end":{"line":43,"column":21}},"loc":{"start":{"line":43,"column":24},"end":{"line":49,"column":null}}}},"branchMap":{"0":{"loc":{"start":{"line":37,"column":12},"end":{"line":41,"column":null}},"type":"if","locations":[{"start":{"line":37,"column":12},"end":{"line":41,"column":null}},{"start":{"line":37,"column":12},"end":{"line":41,"column":null}}]},"1":{"loc":{"start":{"line":44,"column":12},"end":{"line":48,"column":null}},"type":"if","locations":[{"start":{"line":44,"column":12},"end":{"line":48,"column":null}},{"start":{"line":44,"column":12},"end":{"line":48,"column":null}}]}},"s":{"0":2,"1":5,"2":1,"3":1,"4":8,"5":2,"6":6,"7":8,"8":2,"9":6},"f":{"0":5,"1":1,"2":1,"3":8,"4":8},"b":{"0":[2,6],"1":[2,6]}}
,"/var/www/testcases-project/src/components/Weather.vue": {"path":"/var/www/testcases-project/src/components/Weather.vue","statementMap":{"0":{"start":{"line":36,"column":15},"end":{"line":36,"column":null}},"1":{"start":{"line":48,"column":12},"end":{"line":48,"column":17}}},"fnMap":{"0":{"name":"(anonymous_0)","decl":{"start":{"line":47,"column":8},"end":{"line":47,"column":20}},"loc":{"start":{"line":47,"column":23},"end":{"line":49,"column":null}}}},"branchMap":{},"s":{"0":2,"1":1},"f":{"0":1},"b":{}}
}
