TN:
SF:/var/www/testcases-project/src/App.vue
FN:31,(anonymous_0)
FN:57,(anonymous_1)
FN:65,(anonymous_2)
FN:69,(anonymous_3)
FN:83,(anonymous_4)
FN:90,(anonymous_5)
FN:95,(anonymous_6)
FN:106,(anonymous_7)
FNF:8
FNH:8
FNDA:4,(anonymous_0)
FNDA:4,(anonymous_1)
FNDA:3,(anonymous_2)
FNDA:1,(anonymous_3)
FNDA:2,(anonymous_4)
FNDA:3,(anonymous_5)
FNDA:2,(anonymous_6)
FNDA:1,(anonymous_7)
DA:14,1
DA:15,1
DA:16,1
DA:17,1
DA:18,1
DA:19,1
DA:21,1
DA:32,4
DA:59,4
DA:60,0
DA:61,0
DA:67,3
DA:68,3
DA:73,1
DA:75,1
DA:76,1
DA:77,1
DA:78,1
DA:79,1
DA:80,1
DA:81,1
DA:85,2
DA:86,2
DA:87,2
DA:88,2
DA:92,3
DA:96,2
DA:104,2
DA:107,1
DA:108,1
LF:30
LH:28
BRDA:59,0,0,0
BRDA:59,0,1,4
BRF:2
BRH:1
end_of_record
TN:
SF:/var/www/testcases-project/src/components/Banner.vue
FN:18,(anonymous_0)
FN:29,(anonymous_1)
FNF:2
FNH:1
FNDA:4,(anonymous_0)
FNDA:0,(anonymous_1)
DA:9,2
DA:19,4
DA:20,2
DA:21,2
DA:22,1
DA:24,1
DA:30,0
LF:7
LH:6
BRDA:19,0,0,2
BRDA:19,0,1,2
BRDA:21,1,0,1
BRDA:21,1,1,1
BRF:4
BRH:4
end_of_record
TN:
SF:/var/www/testcases-project/src/components/Footer.vue
FNF:0
FNH:0
DA:8,1
LF:1
LH:1
BRF:0
BRH:0
end_of_record
TN:
SF:/var/www/testcases-project/src/components/Header.vue
FNF:0
FNH:0
DA:8,2
LF:1
LH:1
BRF:0
BRH:0
end_of_record
TN:
SF:/var/www/testcases-project/src/components/Search.vue
FN:21,(anonymous_0)
FN:27,(anonymous_1)
FN:30,(anonymous_2)
FN:36,(anonymous_3)
FN:43,(anonymous_4)
FNF:5
FNH:5
FNDA:5,(anonymous_0)
FNDA:1,(anonymous_1)
FNDA:1,(anonymous_2)
FNDA:8,(anonymous_3)
FNDA:8,(anonymous_4)
DA:19,2
DA:22,5
DA:28,1
DA:32,1
DA:37,8
DA:38,2
DA:40,6
DA:44,8
DA:45,2
DA:47,6
LF:10
LH:10
BRDA:37,0,0,2
BRDA:37,0,1,6
BRDA:44,1,0,2
BRDA:44,1,1,6
BRF:4
BRH:4
end_of_record
TN:
SF:/var/www/testcases-project/src/components/Weather.vue
FN:47,(anonymous_0)
FNF:1
FNH:1
FNDA:1,(anonymous_0)
DA:36,2
DA:48,1
LF:2
LH:2
BRF:0
BRH:0
end_of_record
