TN:
SF:/var/www/testcases-project/src/App.vue
FN:31,(anonymous_0)
FN:57,(anonymous_1)
FN:65,(anonymous_2)
FN:69,(anonymous_3)
FN:83,(anonymous_4)
FN:90,(anonymous_5)
FN:95,(anonymous_6)
FN:106,(anonymous_7)
FNF:8
FNH:0
FNDA:0,(anonymous_0)
FNDA:0,(anonymous_1)
FNDA:0,(anonymous_2)
FNDA:0,(anonymous_3)
FNDA:0,(anonymous_4)
FNDA:0,(anonymous_5)
FNDA:0,(anonymous_6)
FNDA:0,(anonymous_7)
DA:14,1
DA:15,1
DA:16,1
DA:17,1
DA:18,1
DA:19,1
DA:21,1
DA:32,0
DA:59,0
DA:60,0
DA:61,0
DA:67,0
DA:68,0
DA:73,0
DA:75,0
DA:76,0
DA:77,0
DA:78,0
DA:79,0
DA:80,0
DA:81,0
DA:85,0
DA:86,0
DA:87,0
DA:88,0
DA:92,0
DA:96,0
DA:104,0
DA:107,0
DA:108,0
LF:30
LH:7
BRDA:59,0,0,0
BRDA:59,0,1,0
BRF:2
BRH:0
end_of_record
TN:
SF:/var/www/testcases-project/src/components/Banner.vue
FN:18,(anonymous_0)
FN:29,(anonymous_1)
FNF:2
FNH:0
FNDA:0,(anonymous_0)
FNDA:0,(anonymous_1)
DA:9,1
DA:19,0
DA:20,0
DA:21,0
DA:22,0
DA:24,0
DA:30,0
LF:7
LH:1
BRDA:19,0,0,0
BRDA:19,0,1,0
BRDA:21,1,0,0
BRDA:21,1,1,0
BRF:4
BRH:0
end_of_record
TN:
SF:/var/www/testcases-project/src/components/Footer.vue
FNF:0
FNH:0
DA:8,1
LF:1
LH:1
BRF:0
BRH:0
end_of_record
TN:
SF:/var/www/testcases-project/src/components/Header.vue
FNF:0
FNH:0
DA:8,2
LF:1
LH:1
BRF:0
BRH:0
end_of_record
TN:
SF:/var/www/testcases-project/src/components/Search.vue
FN:21,(anonymous_0)
FN:27,(anonymous_1)
FN:30,(anonymous_2)
FN:36,(anonymous_3)
FN:43,(anonymous_4)
FNF:5
FNH:0
FNDA:0,(anonymous_0)
FNDA:0,(anonymous_1)
FNDA:0,(anonymous_2)
FNDA:0,(anonymous_3)
FNDA:0,(anonymous_4)
DA:19,1
DA:22,0
DA:28,0
DA:32,0
DA:37,0
DA:38,0
DA:40,0
DA:44,0
DA:45,0
DA:47,0
LF:10
LH:1
BRDA:37,0,0,0
BRDA:37,0,1,0
BRDA:44,1,0,0
BRDA:44,1,1,0
BRF:4
BRH:0
end_of_record
TN:
SF:/var/www/testcases-project/src/components/Weather.vue
FN:47,(anonymous_0)
FNF:1
FNH:1
FNDA:1,(anonymous_0)
DA:36,2
DA:48,1
LF:2
LH:2
BRF:0
BRH:0
end_of_record
